<?xml version="1.0" encoding="UTF-8"?>
<!-- Generated by org.testng.reporters.JUnitReportReporter -->
<testsuite skipped="0" hostname="DESKTOP-K6FJ16U" name="selenium.Testing1" tests="4" failures="0" timestamp="25 Jul 2019 17:09:07 GMT" time="0.005" errors="0">
  <testcase name="f" time="0.001" classname="selenium.Testing1"/>
  <testcase name="f" time="0.001" classname="selenium.Testing1"/>
  <testcase name="test2" time="0.001" classname="selenium.Testing1"/>
  <testcase name="test1" time="0.002" classname="selenium.Testing1"/>
</testsuite> <!-- selenium.Testing1 -->
