<?xml version="1.0" encoding="UTF-8"?>
<!-- Generated by org.testng.reporters.JUnitReportReporter -->
<testsuite skipped="0" hostname="DESKTOP-K6FJ16U" name="TestNGPractice.TestNG1" tests="2" failures="0" timestamp="25 Jul 2019 17:09:07 GMT" time="0.004" errors="0">
  <testcase name="test2" time="0.001" classname="TestNGPractice.TestNG1"/>
  <testcase name="test1" time="0.003" classname="TestNGPractice.TestNG1"/>
</testsuite> <!-- TestNGPractice.TestNG1 -->
