<?xml version="1.0" encoding="UTF-8"?>
<!-- Generated by org.testng.reporters.JUnitReportReporter -->
<testsuite skipped="0" hostname="DESKTOP-K6FJ16U" name="selenium.Testing2" tests="2" failures="0" timestamp="25 Jul 2019 17:09:07 GMT" time="0.005" errors="0">
  <testcase name="test3" time="0.004" classname="selenium.Testing2"/>
  <testcase name="test4" time="0.001" classname="selenium.Testing2"/>
</testsuite> <!-- selenium.Testing2 -->
